c:\users\awiss\source\repos\raytracercpu\raytracercpu\x64\debug\vc142.pdb
c:\users\awiss\source\repos\raytracercpu\raytracercpu\x64\debug\vc142.idb
c:\users\awiss\source\repos\raytracercpu\raytracercpu\x64\debug\vector3.obj
c:\users\awiss\source\repos\raytracercpu\raytracercpu\x64\debug\triangle.obj
c:\users\awiss\source\repos\raytracercpu\raytracercpu\x64\debug\raytracercpu.obj
c:\users\awiss\source\repos\raytracercpu\raytracercpu\x64\debug\vector2.obj
c:\users\awiss\source\repos\raytracercpu\raytracercpu\x64\debug\shader.obj
c:\users\awiss\source\repos\raytracercpu\raytracercpu\x64\debug\raytracer.obj
c:\users\awiss\source\repos\raytracercpu\raytracercpu\x64\debug\mesh.obj
c:\users\awiss\source\repos\raytracercpu\raytracercpu\x64\debug\light.obj
c:\users\awiss\source\repos\raytracercpu\raytracercpu\x64\debug\camera.obj
c:\users\awiss\source\repos\raytracercpu\raytracercpu\x64\debug\tandnormal.obj
c:\users\awiss\source\repos\raytracercpu\raytracercpu\x64\debug\ray.obj
c:\users\awiss\source\repos\raytracercpu\raytracercpu\x64\debug\geometry.obj
c:\users\awiss\source\repos\raytracercpu\raytracercpu\x64\debug\plane.obj
c:\users\awiss\source\repos\raytracercpu\raytracercpu\x64\debug\material.obj
c:\users\awiss\source\repos\raytracercpu\raytracercpu\x64\debug\directionallight.obj
c:\users\awiss\source\repos\raytracercpu\raytracercpu\x64\debug\sphere.obj
c:\users\awiss\source\repos\raytracercpu\raytracercpu\x64\debug\tokenizererror.obj
c:\users\awiss\source\repos\raytracercpu\raytracercpu\x64\debug\pushbackstream.obj
c:\users\awiss\source\repos\raytracercpu\raytracercpu\x64\debug\tokenizer.obj
c:\users\awiss\source\repos\raytracercpu\raytracercpu\x64\debug\token.obj
c:\users\awiss\source\repos\raytracercpu\raytracercpu\x64\debug\tokenizeobj.obj
c:\users\awiss\source\repos\raytracercpu\raytracercpu\x64\debug\type.obj
c:\users\awiss\source\repos\raytracercpu\raytracercpu\x64\debug\compilercontext.obj
c:\users\awiss\source\repos\raytracercpu\raytracercpu\x64\debug\phongmaterial.obj
c:\users\awiss\source\repos\raytracercpu\x64\debug\raytracercpu.exe
c:\users\awiss\source\repos\raytracercpu\raytracercpu\x64\debug\raytracercpu.ilk
c:\users\awiss\source\repos\raytracercpu\x64\debug\raytracercpu.pdb
c:\users\awiss\source\repos\raytracercpu\raytracercpu\x64\debug\raytracercpu.res
c:\users\awiss\source\repos\raytracercpu\raytracercpu\x64\debug\tokens.obj
c:\users\awiss\source\repos\raytracercpu\raytracercpu\x64\debug\triangle.obj.enc
c:\users\awiss\source\repos\raytracercpu\raytracercpu\x64\debug\raytracercpu.tlog\cl.command.1.tlog
c:\users\awiss\source\repos\raytracercpu\raytracercpu\x64\debug\raytracercpu.tlog\cl.read.1.tlog
c:\users\awiss\source\repos\raytracercpu\raytracercpu\x64\debug\raytracercpu.tlog\cl.write.1.tlog
c:\users\awiss\source\repos\raytracercpu\raytracercpu\x64\debug\raytracercpu.tlog\link.command.1.tlog
c:\users\awiss\source\repos\raytracercpu\raytracercpu\x64\debug\raytracercpu.tlog\link.read.1.tlog
c:\users\awiss\source\repos\raytracercpu\raytracercpu\x64\debug\raytracercpu.tlog\link.write.1.tlog
c:\users\awiss\source\repos\raytracercpu\raytracercpu\x64\debug\raytracercpu.tlog\rc.command.1.tlog
c:\users\awiss\source\repos\raytracercpu\raytracercpu\x64\debug\raytracercpu.tlog\rc.read.1.tlog
c:\users\awiss\source\repos\raytracercpu\raytracercpu\x64\debug\raytracercpu.tlog\rc.write.1.tlog
